<?xml version="1.0" encoding="UTF-8"?>
<!-- Generated by org.testng.reporters.JUnitReportReporter -->
<testsuite hostname="DESKTOP-4LNUH7K" failures="0" tests="1" name="testScript.TC_SumitForm" time="18.508" errors="0" timestamp="2023-03-16T17:45:25 IST" skipped="0">
  <testcase classname="testScript.TC_SumitForm" name="submitForm" time="18.508"/>
  <system-out/>
</testsuite> <!-- testScript.TC_SumitForm -->
